2020-10-24 00:01:46 [AsyncResolver-bootstrap-executor-0] INFO  c.n.d.s.r.aws.ConfigClusterResolver -----> Resolving eureka endpoints via configuration
2020-10-24 00:06:47 [AsyncResolver-bootstrap-executor-0] INFO  c.n.d.s.r.aws.ConfigClusterResolver -----> Resolving eureka endpoints via configuration
2020-10-24 00:11:47 [AsyncResolver-bootstrap-executor-0] INFO  c.n.d.s.r.aws.ConfigClusterResolver -----> Resolving eureka endpoints via configuration
2020-10-24 00:16:47 [AsyncResolver-bootstrap-executor-0] INFO  c.n.d.s.r.aws.ConfigClusterResolver -----> Resolving eureka endpoints via configuration
2020-10-24 00:21:47 [AsyncResolver-bootstrap-executor-0] INFO  c.n.d.s.r.aws.ConfigClusterResolver -----> Resolving eureka endpoints via configuration
2020-10-24 00:26:47 [AsyncResolver-bootstrap-executor-0] INFO  c.n.d.s.r.aws.ConfigClusterResolver -----> Resolving eureka endpoints via configuration
2020-10-24 00:31:47 [AsyncResolver-bootstrap-executor-0] INFO  c.n.d.s.r.aws.ConfigClusterResolver -----> Resolving eureka endpoints via configuration
2020-10-24 00:36:47 [AsyncResolver-bootstrap-executor-0] INFO  c.n.d.s.r.aws.ConfigClusterResolver -----> Resolving eureka endpoints via configuration
2020-10-24 00:41:47 [AsyncResolver-bootstrap-executor-0] INFO  c.n.d.s.r.aws.ConfigClusterResolver -----> Resolving eureka endpoints via configuration
2020-10-24 00:46:47 [AsyncResolver-bootstrap-executor-0] INFO  c.n.d.s.r.aws.ConfigClusterResolver -----> Resolving eureka endpoints via configuration
2020-10-24 00:51:47 [AsyncResolver-bootstrap-executor-0] INFO  c.n.d.s.r.aws.ConfigClusterResolver -----> Resolving eureka endpoints via configuration
2020-10-24 00:56:47 [AsyncResolver-bootstrap-executor-0] INFO  c.n.d.s.r.aws.ConfigClusterResolver -----> Resolving eureka endpoints via configuration
2020-10-24 01:01:47 [AsyncResolver-bootstrap-executor-0] INFO  c.n.d.s.r.aws.ConfigClusterResolver -----> Resolving eureka endpoints via configuration
2020-10-24 01:06:47 [AsyncResolver-bootstrap-executor-0] INFO  c.n.d.s.r.aws.ConfigClusterResolver -----> Resolving eureka endpoints via configuration
2020-10-24 01:11:47 [AsyncResolver-bootstrap-executor-0] INFO  c.n.d.s.r.aws.ConfigClusterResolver -----> Resolving eureka endpoints via configuration
2020-10-24 01:16:47 [AsyncResolver-bootstrap-executor-0] INFO  c.n.d.s.r.aws.ConfigClusterResolver -----> Resolving eureka endpoints via configuration
2020-10-24 01:21:47 [AsyncResolver-bootstrap-executor-0] INFO  c.n.d.s.r.aws.ConfigClusterResolver -----> Resolving eureka endpoints via configuration
2020-10-24 01:26:47 [AsyncResolver-bootstrap-executor-0] INFO  c.n.d.s.r.aws.ConfigClusterResolver -----> Resolving eureka endpoints via configuration
2020-10-24 01:31:47 [AsyncResolver-bootstrap-executor-0] INFO  c.n.d.s.r.aws.ConfigClusterResolver -----> Resolving eureka endpoints via configuration
2020-10-24 01:36:47 [AsyncResolver-bootstrap-executor-0] INFO  c.n.d.s.r.aws.ConfigClusterResolver -----> Resolving eureka endpoints via configuration
2020-10-24 01:41:47 [AsyncResolver-bootstrap-executor-0] INFO  c.n.d.s.r.aws.ConfigClusterResolver -----> Resolving eureka endpoints via configuration
2020-10-24 01:46:47 [AsyncResolver-bootstrap-executor-0] INFO  c.n.d.s.r.aws.ConfigClusterResolver -----> Resolving eureka endpoints via configuration
2020-10-24 01:51:47 [AsyncResolver-bootstrap-executor-0] INFO  c.n.d.s.r.aws.ConfigClusterResolver -----> Resolving eureka endpoints via configuration
2020-10-24 01:56:47 [AsyncResolver-bootstrap-executor-0] INFO  c.n.d.s.r.aws.ConfigClusterResolver -----> Resolving eureka endpoints via configuration
2020-10-24 02:01:47 [AsyncResolver-bootstrap-executor-0] INFO  c.n.d.s.r.aws.ConfigClusterResolver -----> Resolving eureka endpoints via configuration
2020-10-24 02:06:47 [AsyncResolver-bootstrap-executor-0] INFO  c.n.d.s.r.aws.ConfigClusterResolver -----> Resolving eureka endpoints via configuration
2020-10-24 02:11:47 [AsyncResolver-bootstrap-executor-0] INFO  c.n.d.s.r.aws.ConfigClusterResolver -----> Resolving eureka endpoints via configuration
2020-10-24 02:16:47 [AsyncResolver-bootstrap-executor-0] INFO  c.n.d.s.r.aws.ConfigClusterResolver -----> Resolving eureka endpoints via configuration
2020-10-24 02:21:47 [AsyncResolver-bootstrap-executor-0] INFO  c.n.d.s.r.aws.ConfigClusterResolver -----> Resolving eureka endpoints via configuration
2020-10-24 02:26:47 [AsyncResolver-bootstrap-executor-0] INFO  c.n.d.s.r.aws.ConfigClusterResolver -----> Resolving eureka endpoints via configuration
2020-10-24 02:31:47 [AsyncResolver-bootstrap-executor-0] INFO  c.n.d.s.r.aws.ConfigClusterResolver -----> Resolving eureka endpoints via configuration
2020-10-24 02:36:47 [AsyncResolver-bootstrap-executor-0] INFO  c.n.d.s.r.aws.ConfigClusterResolver -----> Resolving eureka endpoints via configuration
2020-10-24 02:41:47 [AsyncResolver-bootstrap-executor-0] INFO  c.n.d.s.r.aws.ConfigClusterResolver -----> Resolving eureka endpoints via configuration
2020-10-24 02:46:48 [AsyncResolver-bootstrap-executor-0] INFO  c.n.d.s.r.aws.ConfigClusterResolver -----> Resolving eureka endpoints via configuration
2020-10-24 02:51:48 [AsyncResolver-bootstrap-executor-0] INFO  c.n.d.s.r.aws.ConfigClusterResolver -----> Resolving eureka endpoints via configuration
2020-10-24 02:56:48 [AsyncResolver-bootstrap-executor-0] INFO  c.n.d.s.r.aws.ConfigClusterResolver -----> Resolving eureka endpoints via configuration
2020-10-24 03:01:48 [AsyncResolver-bootstrap-executor-0] INFO  c.n.d.s.r.aws.ConfigClusterResolver -----> Resolving eureka endpoints via configuration
2020-10-24 03:06:48 [AsyncResolver-bootstrap-executor-0] INFO  c.n.d.s.r.aws.ConfigClusterResolver -----> Resolving eureka endpoints via configuration
2020-10-24 03:11:48 [AsyncResolver-bootstrap-executor-0] INFO  c.n.d.s.r.aws.ConfigClusterResolver -----> Resolving eureka endpoints via configuration
2020-10-24 03:16:48 [AsyncResolver-bootstrap-executor-0] INFO  c.n.d.s.r.aws.ConfigClusterResolver -----> Resolving eureka endpoints via configuration
2020-10-24 03:21:48 [AsyncResolver-bootstrap-executor-0] INFO  c.n.d.s.r.aws.ConfigClusterResolver -----> Resolving eureka endpoints via configuration
2020-10-24 03:26:48 [AsyncResolver-bootstrap-executor-0] INFO  c.n.d.s.r.aws.ConfigClusterResolver -----> Resolving eureka endpoints via configuration
2020-10-24 03:31:48 [AsyncResolver-bootstrap-executor-0] INFO  c.n.d.s.r.aws.ConfigClusterResolver -----> Resolving eureka endpoints via configuration
2020-10-24 03:36:48 [AsyncResolver-bootstrap-executor-0] INFO  c.n.d.s.r.aws.ConfigClusterResolver -----> Resolving eureka endpoints via configuration
2020-10-24 03:41:48 [AsyncResolver-bootstrap-executor-0] INFO  c.n.d.s.r.aws.ConfigClusterResolver -----> Resolving eureka endpoints via configuration
2020-10-24 03:46:48 [AsyncResolver-bootstrap-executor-0] INFO  c.n.d.s.r.aws.ConfigClusterResolver -----> Resolving eureka endpoints via configuration
2020-10-24 03:51:48 [AsyncResolver-bootstrap-executor-0] INFO  c.n.d.s.r.aws.ConfigClusterResolver -----> Resolving eureka endpoints via configuration
2020-10-24 03:56:48 [AsyncResolver-bootstrap-executor-0] INFO  c.n.d.s.r.aws.ConfigClusterResolver -----> Resolving eureka endpoints via configuration
2020-10-24 04:01:48 [AsyncResolver-bootstrap-executor-0] INFO  c.n.d.s.r.aws.ConfigClusterResolver -----> Resolving eureka endpoints via configuration
2020-10-24 04:06:48 [AsyncResolver-bootstrap-executor-0] INFO  c.n.d.s.r.aws.ConfigClusterResolver -----> Resolving eureka endpoints via configuration
2020-10-24 04:11:48 [AsyncResolver-bootstrap-executor-0] INFO  c.n.d.s.r.aws.ConfigClusterResolver -----> Resolving eureka endpoints via configuration
2020-10-24 04:16:48 [AsyncResolver-bootstrap-executor-0] INFO  c.n.d.s.r.aws.ConfigClusterResolver -----> Resolving eureka endpoints via configuration
2020-10-24 04:21:48 [AsyncResolver-bootstrap-executor-0] INFO  c.n.d.s.r.aws.ConfigClusterResolver -----> Resolving eureka endpoints via configuration
2020-10-24 04:26:48 [AsyncResolver-bootstrap-executor-0] INFO  c.n.d.s.r.aws.ConfigClusterResolver -----> Resolving eureka endpoints via configuration
2020-10-24 04:31:48 [AsyncResolver-bootstrap-executor-0] INFO  c.n.d.s.r.aws.ConfigClusterResolver -----> Resolving eureka endpoints via configuration
2020-10-24 04:36:48 [AsyncResolver-bootstrap-executor-0] INFO  c.n.d.s.r.aws.ConfigClusterResolver -----> Resolving eureka endpoints via configuration
2020-10-24 04:41:48 [AsyncResolver-bootstrap-executor-0] INFO  c.n.d.s.r.aws.ConfigClusterResolver -----> Resolving eureka endpoints via configuration
2020-10-24 04:46:48 [AsyncResolver-bootstrap-executor-0] INFO  c.n.d.s.r.aws.ConfigClusterResolver -----> Resolving eureka endpoints via configuration
2020-10-24 04:51:48 [AsyncResolver-bootstrap-executor-0] INFO  c.n.d.s.r.aws.ConfigClusterResolver -----> Resolving eureka endpoints via configuration
2020-10-24 04:56:48 [AsyncResolver-bootstrap-executor-0] INFO  c.n.d.s.r.aws.ConfigClusterResolver -----> Resolving eureka endpoints via configuration
2020-10-24 05:01:48 [AsyncResolver-bootstrap-executor-0] INFO  c.n.d.s.r.aws.ConfigClusterResolver -----> Resolving eureka endpoints via configuration
2020-10-24 05:06:48 [AsyncResolver-bootstrap-executor-0] INFO  c.n.d.s.r.aws.ConfigClusterResolver -----> Resolving eureka endpoints via configuration
2020-10-24 05:11:48 [AsyncResolver-bootstrap-executor-0] INFO  c.n.d.s.r.aws.ConfigClusterResolver -----> Resolving eureka endpoints via configuration
2020-10-24 05:16:48 [AsyncResolver-bootstrap-executor-0] INFO  c.n.d.s.r.aws.ConfigClusterResolver -----> Resolving eureka endpoints via configuration
2020-10-24 05:21:48 [AsyncResolver-bootstrap-executor-0] INFO  c.n.d.s.r.aws.ConfigClusterResolver -----> Resolving eureka endpoints via configuration
2020-10-24 05:26:48 [AsyncResolver-bootstrap-executor-0] INFO  c.n.d.s.r.aws.ConfigClusterResolver -----> Resolving eureka endpoints via configuration
2020-10-24 05:31:48 [AsyncResolver-bootstrap-executor-0] INFO  c.n.d.s.r.aws.ConfigClusterResolver -----> Resolving eureka endpoints via configuration
2020-10-24 05:36:48 [AsyncResolver-bootstrap-executor-0] INFO  c.n.d.s.r.aws.ConfigClusterResolver -----> Resolving eureka endpoints via configuration
2020-10-24 05:41:48 [AsyncResolver-bootstrap-executor-0] INFO  c.n.d.s.r.aws.ConfigClusterResolver -----> Resolving eureka endpoints via configuration
2020-10-24 05:46:48 [AsyncResolver-bootstrap-executor-0] INFO  c.n.d.s.r.aws.ConfigClusterResolver -----> Resolving eureka endpoints via configuration
2020-10-24 05:51:48 [AsyncResolver-bootstrap-executor-0] INFO  c.n.d.s.r.aws.ConfigClusterResolver -----> Resolving eureka endpoints via configuration
2020-10-24 05:56:48 [AsyncResolver-bootstrap-executor-0] INFO  c.n.d.s.r.aws.ConfigClusterResolver -----> Resolving eureka endpoints via configuration
2020-10-24 06:01:48 [AsyncResolver-bootstrap-executor-0] INFO  c.n.d.s.r.aws.ConfigClusterResolver -----> Resolving eureka endpoints via configuration
2020-10-24 06:06:48 [AsyncResolver-bootstrap-executor-0] INFO  c.n.d.s.r.aws.ConfigClusterResolver -----> Resolving eureka endpoints via configuration
2020-10-24 06:11:48 [AsyncResolver-bootstrap-executor-0] INFO  c.n.d.s.r.aws.ConfigClusterResolver -----> Resolving eureka endpoints via configuration
2020-10-24 06:16:48 [AsyncResolver-bootstrap-executor-0] INFO  c.n.d.s.r.aws.ConfigClusterResolver -----> Resolving eureka endpoints via configuration
2020-10-24 06:21:48 [AsyncResolver-bootstrap-executor-0] INFO  c.n.d.s.r.aws.ConfigClusterResolver -----> Resolving eureka endpoints via configuration
2020-10-24 06:26:48 [AsyncResolver-bootstrap-executor-0] INFO  c.n.d.s.r.aws.ConfigClusterResolver -----> Resolving eureka endpoints via configuration
2020-10-24 06:31:48 [AsyncResolver-bootstrap-executor-0] INFO  c.n.d.s.r.aws.ConfigClusterResolver -----> Resolving eureka endpoints via configuration
2020-10-24 06:36:48 [AsyncResolver-bootstrap-executor-0] INFO  c.n.d.s.r.aws.ConfigClusterResolver -----> Resolving eureka endpoints via configuration
2020-10-24 06:41:48 [AsyncResolver-bootstrap-executor-0] INFO  c.n.d.s.r.aws.ConfigClusterResolver -----> Resolving eureka endpoints via configuration
2020-10-24 06:46:48 [AsyncResolver-bootstrap-executor-0] INFO  c.n.d.s.r.aws.ConfigClusterResolver -----> Resolving eureka endpoints via configuration
2020-10-24 06:51:48 [AsyncResolver-bootstrap-executor-0] INFO  c.n.d.s.r.aws.ConfigClusterResolver -----> Resolving eureka endpoints via configuration
2020-10-24 06:56:48 [AsyncResolver-bootstrap-executor-0] INFO  c.n.d.s.r.aws.ConfigClusterResolver -----> Resolving eureka endpoints via configuration
2020-10-24 07:01:48 [AsyncResolver-bootstrap-executor-0] INFO  c.n.d.s.r.aws.ConfigClusterResolver -----> Resolving eureka endpoints via configuration
2020-10-24 07:06:49 [AsyncResolver-bootstrap-executor-0] INFO  c.n.d.s.r.aws.ConfigClusterResolver -----> Resolving eureka endpoints via configuration
2020-10-24 07:11:49 [AsyncResolver-bootstrap-executor-0] INFO  c.n.d.s.r.aws.ConfigClusterResolver -----> Resolving eureka endpoints via configuration
2020-10-24 07:16:49 [AsyncResolver-bootstrap-executor-0] INFO  c.n.d.s.r.aws.ConfigClusterResolver -----> Resolving eureka endpoints via configuration
2020-10-24 07:21:49 [AsyncResolver-bootstrap-executor-0] INFO  c.n.d.s.r.aws.ConfigClusterResolver -----> Resolving eureka endpoints via configuration
2020-10-24 07:26:49 [AsyncResolver-bootstrap-executor-0] INFO  c.n.d.s.r.aws.ConfigClusterResolver -----> Resolving eureka endpoints via configuration
2020-10-24 07:31:49 [AsyncResolver-bootstrap-executor-0] INFO  c.n.d.s.r.aws.ConfigClusterResolver -----> Resolving eureka endpoints via configuration
2020-10-24 07:36:49 [AsyncResolver-bootstrap-executor-0] INFO  c.n.d.s.r.aws.ConfigClusterResolver -----> Resolving eureka endpoints via configuration
2020-10-24 07:41:49 [AsyncResolver-bootstrap-executor-0] INFO  c.n.d.s.r.aws.ConfigClusterResolver -----> Resolving eureka endpoints via configuration
2020-10-24 07:46:49 [AsyncResolver-bootstrap-executor-0] INFO  c.n.d.s.r.aws.ConfigClusterResolver -----> Resolving eureka endpoints via configuration
2020-10-24 07:51:49 [AsyncResolver-bootstrap-executor-0] INFO  c.n.d.s.r.aws.ConfigClusterResolver -----> Resolving eureka endpoints via configuration
2020-10-24 07:56:49 [AsyncResolver-bootstrap-executor-0] INFO  c.n.d.s.r.aws.ConfigClusterResolver -----> Resolving eureka endpoints via configuration
2020-10-24 08:01:49 [AsyncResolver-bootstrap-executor-0] INFO  c.n.d.s.r.aws.ConfigClusterResolver -----> Resolving eureka endpoints via configuration
2020-10-24 08:06:49 [AsyncResolver-bootstrap-executor-0] INFO  c.n.d.s.r.aws.ConfigClusterResolver -----> Resolving eureka endpoints via configuration
2020-10-24 08:11:49 [AsyncResolver-bootstrap-executor-0] INFO  c.n.d.s.r.aws.ConfigClusterResolver -----> Resolving eureka endpoints via configuration
2020-10-24 08:16:49 [AsyncResolver-bootstrap-executor-0] INFO  c.n.d.s.r.aws.ConfigClusterResolver -----> Resolving eureka endpoints via configuration
2020-10-24 08:21:49 [AsyncResolver-bootstrap-executor-0] INFO  c.n.d.s.r.aws.ConfigClusterResolver -----> Resolving eureka endpoints via configuration
2020-10-24 08:26:49 [AsyncResolver-bootstrap-executor-0] INFO  c.n.d.s.r.aws.ConfigClusterResolver -----> Resolving eureka endpoints via configuration
2020-10-24 08:31:49 [AsyncResolver-bootstrap-executor-0] INFO  c.n.d.s.r.aws.ConfigClusterResolver -----> Resolving eureka endpoints via configuration
2020-10-24 08:36:49 [AsyncResolver-bootstrap-executor-0] INFO  c.n.d.s.r.aws.ConfigClusterResolver -----> Resolving eureka endpoints via configuration
2020-10-24 08:41:49 [AsyncResolver-bootstrap-executor-0] INFO  c.n.d.s.r.aws.ConfigClusterResolver -----> Resolving eureka endpoints via configuration
2020-10-24 08:46:49 [AsyncResolver-bootstrap-executor-0] INFO  c.n.d.s.r.aws.ConfigClusterResolver -----> Resolving eureka endpoints via configuration
2020-10-24 08:51:49 [AsyncResolver-bootstrap-executor-0] INFO  c.n.d.s.r.aws.ConfigClusterResolver -----> Resolving eureka endpoints via configuration
2020-10-24 08:56:49 [AsyncResolver-bootstrap-executor-0] INFO  c.n.d.s.r.aws.ConfigClusterResolver -----> Resolving eureka endpoints via configuration
2020-10-24 09:01:49 [AsyncResolver-bootstrap-executor-0] INFO  c.n.d.s.r.aws.ConfigClusterResolver -----> Resolving eureka endpoints via configuration
2020-10-24 09:06:49 [AsyncResolver-bootstrap-executor-0] INFO  c.n.d.s.r.aws.ConfigClusterResolver -----> Resolving eureka endpoints via configuration
2020-10-24 09:11:49 [AsyncResolver-bootstrap-executor-0] INFO  c.n.d.s.r.aws.ConfigClusterResolver -----> Resolving eureka endpoints via configuration
2020-10-24 09:16:49 [AsyncResolver-bootstrap-executor-0] INFO  c.n.d.s.r.aws.ConfigClusterResolver -----> Resolving eureka endpoints via configuration
2020-10-24 09:21:49 [AsyncResolver-bootstrap-executor-0] INFO  c.n.d.s.r.aws.ConfigClusterResolver -----> Resolving eureka endpoints via configuration
2020-10-24 09:26:49 [AsyncResolver-bootstrap-executor-0] INFO  c.n.d.s.r.aws.ConfigClusterResolver -----> Resolving eureka endpoints via configuration
2020-10-24 09:31:49 [AsyncResolver-bootstrap-executor-0] INFO  c.n.d.s.r.aws.ConfigClusterResolver -----> Resolving eureka endpoints via configuration
2020-10-24 09:36:49 [AsyncResolver-bootstrap-executor-0] INFO  c.n.d.s.r.aws.ConfigClusterResolver -----> Resolving eureka endpoints via configuration
2020-10-24 09:41:49 [AsyncResolver-bootstrap-executor-0] INFO  c.n.d.s.r.aws.ConfigClusterResolver -----> Resolving eureka endpoints via configuration
2020-10-24 09:46:42 [http-nio-8989-exec-6] ERROR c.b.m.a.e.GlobalExceptionHandler -----> Invalid User Name or Password. No of attempt left 2com.beyontec.mdcp.authservice.exception.BadDataExceptionHandler: Invalid User Name or Password. No of attempt left 2
2020-10-24 09:46:49 [AsyncResolver-bootstrap-executor-0] INFO  c.n.d.s.r.aws.ConfigClusterResolver -----> Resolving eureka endpoints via configuration
2020-10-24 09:51:49 [AsyncResolver-bootstrap-executor-0] INFO  c.n.d.s.r.aws.ConfigClusterResolver -----> Resolving eureka endpoints via configuration
2020-10-24 09:56:49 [AsyncResolver-bootstrap-executor-0] INFO  c.n.d.s.r.aws.ConfigClusterResolver -----> Resolving eureka endpoints via configuration
2020-10-24 10:01:49 [AsyncResolver-bootstrap-executor-0] INFO  c.n.d.s.r.aws.ConfigClusterResolver -----> Resolving eureka endpoints via configuration
2020-10-24 10:06:49 [AsyncResolver-bootstrap-executor-0] INFO  c.n.d.s.r.aws.ConfigClusterResolver -----> Resolving eureka endpoints via configuration
2020-10-24 10:11:49 [AsyncResolver-bootstrap-executor-0] INFO  c.n.d.s.r.aws.ConfigClusterResolver -----> Resolving eureka endpoints via configuration
2020-10-24 10:16:49 [AsyncResolver-bootstrap-executor-0] INFO  c.n.d.s.r.aws.ConfigClusterResolver -----> Resolving eureka endpoints via configuration
2020-10-24 10:17:32 [http-nio-8989-exec-2] ERROR o.s.s.o.p.endpoint.TokenEndpoint -----> Handling error: InternalAuthenticationServiceException, Account is locked
org.springframework.security.authentication.InternalAuthenticationServiceException: Account is locked
	at org.springframework.security.authentication.dao.DaoAuthenticationProvider.retrieveUser(DaoAuthenticationProvider.java:119) ~[spring-security-core-5.0.8.RELEASE.jar:5.0.8.RELEASE]
	at org.springframework.security.authentication.dao.AbstractUserDetailsAuthenticationProvider.authenticate(AbstractUserDetailsAuthenticationProvider.java:144) ~[spring-security-core-5.0.8.RELEASE.jar:5.0.8.RELEASE]
	at org.springframework.security.authentication.ProviderManager.authenticate(ProviderManager.java:174) ~[spring-security-core-5.0.8.RELEASE.jar:5.0.8.RELEASE]
	at org.springframework.security.authentication.ProviderManager.authenticate(ProviderManager.java:199) ~[spring-security-core-5.0.8.RELEASE.jar:5.0.8.RELEASE]
	at org.springframework.security.config.annotation.web.configuration.WebSecurityConfigurerAdapter$AuthenticationManagerDelegator.authenticate(WebSecurityConfigurerAdapter.java:502) ~[spring-security-config-5.0.8.RELEASE.jar:5.0.8.RELEASE]
	at org.springframework.security.oauth2.provider.password.ResourceOwnerPasswordTokenGranter.getOAuth2Authentication(ResourceOwnerPasswordTokenGranter.java:71) ~[spring-security-oauth2-2.2.1.RELEASE.jar:na]
	at org.springframework.security.oauth2.provider.token.AbstractTokenGranter.getAccessToken(AbstractTokenGranter.java:70) ~[spring-security-oauth2-2.2.1.RELEASE.jar:na]
	at org.springframework.security.oauth2.provider.token.AbstractTokenGranter.grant(AbstractTokenGranter.java:65) ~[spring-security-oauth2-2.2.1.RELEASE.jar:na]
	at org.springframework.security.oauth2.provider.CompositeTokenGranter.grant(CompositeTokenGranter.java:38) ~[spring-security-oauth2-2.2.1.RELEASE.jar:na]
	at org.springframework.security.oauth2.config.annotation.web.configurers.AuthorizationServerEndpointsConfigurer$4.grant(AuthorizationServerEndpointsConfigurer.java:561) ~[spring-security-oauth2-2.2.1.RELEASE.jar:na]
	at org.springframework.security.oauth2.provider.endpoint.TokenEndpoint.postAccessToken(TokenEndpoint.java:132) ~[spring-security-oauth2-2.2.1.RELEASE.jar:na]
	at sun.reflect.NativeMethodAccessorImpl.invoke0(Native Method) ~[na:1.8.0_172]
	at sun.reflect.NativeMethodAccessorImpl.invoke(Unknown Source) ~[na:1.8.0_172]
	at sun.reflect.DelegatingMethodAccessorImpl.invoke(Unknown Source) ~[na:1.8.0_172]
	at java.lang.reflect.Method.invoke(Unknown Source) ~[na:1.8.0_172]
	at org.springframework.web.method.support.InvocableHandlerMethod.doInvoke(InvocableHandlerMethod.java:209) ~[spring-web-5.0.9.RELEASE.jar:5.0.9.RELEASE]
	at org.springframework.web.method.support.InvocableHandlerMethod.invokeForRequest(InvocableHandlerMethod.java:136) ~[spring-web-5.0.9.RELEASE.jar:5.0.9.RELEASE]
	at org.springframework.web.servlet.mvc.method.annotation.ServletInvocableHandlerMethod.invokeAndHandle(ServletInvocableHandlerMethod.java:102) ~[spring-webmvc-5.0.9.RELEASE.jar:5.0.9.RELEASE]
	at org.springframework.web.servlet.mvc.method.annotation.RequestMappingHandlerAdapter.invokeHandlerMethod(RequestMappingHandlerAdapter.java:891) ~[spring-webmvc-5.0.9.RELEASE.jar:5.0.9.RELEASE]
	at org.springframework.web.servlet.mvc.method.annotation.RequestMappingHandlerAdapter.handleInternal(RequestMappingHandlerAdapter.java:797) ~[spring-webmvc-5.0.9.RELEASE.jar:5.0.9.RELEASE]
	at org.springframework.web.servlet.mvc.method.AbstractHandlerMethodAdapter.handle(AbstractHandlerMethodAdapter.java:87) ~[spring-webmvc-5.0.9.RELEASE.jar:5.0.9.RELEASE]
	at org.springframework.web.servlet.DispatcherServlet.doDispatch(DispatcherServlet.java:991) ~[spring-webmvc-5.0.9.RELEASE.jar:5.0.9.RELEASE]
	at org.springframework.web.servlet.DispatcherServlet.doService(DispatcherServlet.java:925) ~[spring-webmvc-5.0.9.RELEASE.jar:5.0.9.RELEASE]
	at org.springframework.web.servlet.FrameworkServlet.processRequest(FrameworkServlet.java:974) [spring-webmvc-5.0.9.RELEASE.jar:5.0.9.RELEASE]
	at org.springframework.web.servlet.FrameworkServlet.doPost(FrameworkServlet.java:877) [spring-webmvc-5.0.9.RELEASE.jar:5.0.9.RELEASE]
	at javax.servlet.http.HttpServlet.service(HttpServlet.java:661) [tomcat-embed-core-8.5.34.jar:8.5.34]
	at org.springframework.web.servlet.FrameworkServlet.service(FrameworkServlet.java:851) [spring-webmvc-5.0.9.RELEASE.jar:5.0.9.RELEASE]
	at javax.servlet.http.HttpServlet.service(HttpServlet.java:742) [tomcat-embed-core-8.5.34.jar:8.5.34]
	at org.apache.catalina.core.ApplicationFilterChain.internalDoFilter(ApplicationFilterChain.java:231) [tomcat-embed-core-8.5.34.jar:8.5.34]
	at org.apache.catalina.core.ApplicationFilterChain.doFilter(ApplicationFilterChain.java:166) [tomcat-embed-core-8.5.34.jar:8.5.34]
	at org.apache.tomcat.websocket.server.WsFilter.doFilter(WsFilter.java:52) [tomcat-embed-websocket-8.5.34.jar:8.5.34]
	at org.apache.catalina.core.ApplicationFilterChain.internalDoFilter(ApplicationFilterChain.java:193) [tomcat-embed-core-8.5.34.jar:8.5.34]
	at org.apache.catalina.core.ApplicationFilterChain.doFilter(ApplicationFilterChain.java:166) [tomcat-embed-core-8.5.34.jar:8.5.34]
	at org.springframework.boot.actuate.web.trace.servlet.HttpTraceFilter.doFilterInternal(HttpTraceFilter.java:90) [spring-boot-actuator-2.0.5.RELEASE.jar:2.0.5.RELEASE]
	at org.springframework.web.filter.OncePerRequestFilter.doFilter(OncePerRequestFilter.java:107) [spring-web-5.0.9.RELEASE.jar:5.0.9.RELEASE]
	at org.apache.catalina.core.ApplicationFilterChain.internalDoFilter(ApplicationFilterChain.java:193) [tomcat-embed-core-8.5.34.jar:8.5.34]
	at org.apache.catalina.core.ApplicationFilterChain.doFilter(ApplicationFilterChain.java:166) [tomcat-embed-core-8.5.34.jar:8.5.34]
	at org.springframework.security.web.FilterChainProxy$VirtualFilterChain.doFilter(FilterChainProxy.java:320) [spring-security-web-5.0.8.RELEASE.jar:5.0.8.RELEASE]
	at org.springframework.security.web.access.intercept.FilterSecurityInterceptor.invoke(FilterSecurityInterceptor.java:127) [spring-security-web-5.0.8.RELEASE.jar:5.0.8.RELEASE]
	at org.springframework.security.web.access.intercept.FilterSecurityInterceptor.doFilter(FilterSecurityInterceptor.java:91) [spring-security-web-5.0.8.RELEASE.jar:5.0.8.RELEASE]
	at org.springframework.security.web.FilterChainProxy$VirtualFilterChain.doFilter(FilterChainProxy.java:334) [spring-security-web-5.0.8.RELEASE.jar:5.0.8.RELEASE]
	at org.springframework.security.web.access.ExceptionTranslationFilter.doFilter(ExceptionTranslationFilter.java:119) [spring-security-web-5.0.8.RELEASE.jar:5.0.8.RELEASE]
	at org.springframework.security.web.FilterChainProxy$VirtualFilterChain.doFilter(FilterChainProxy.java:334) [spring-security-web-5.0.8.RELEASE.jar:5.0.8.RELEASE]
	at org.springframework.security.web.session.SessionManagementFilter.doFilter(SessionManagementFilter.java:137) [spring-security-web-5.0.8.RELEASE.jar:5.0.8.RELEASE]
	at org.springframework.security.web.FilterChainProxy$VirtualFilterChain.doFilter(FilterChainProxy.java:334) [spring-security-web-5.0.8.RELEASE.jar:5.0.8.RELEASE]
	at org.springframework.security.web.authentication.AnonymousAuthenticationFilter.doFilter(AnonymousAuthenticationFilter.java:111) [spring-security-web-5.0.8.RELEASE.jar:5.0.8.RELEASE]
	at org.springframework.security.web.FilterChainProxy$VirtualFilterChain.doFilter(FilterChainProxy.java:334) [spring-security-web-5.0.8.RELEASE.jar:5.0.8.RELEASE]
	at org.springframework.security.web.servletapi.SecurityContextHolderAwareRequestFilter.doFilter(SecurityContextHolderAwareRequestFilter.java:170) [spring-security-web-5.0.8.RELEASE.jar:5.0.8.RELEASE]
	at org.springframework.security.web.FilterChainProxy$VirtualFilterChain.doFilter(FilterChainProxy.java:334) [spring-security-web-5.0.8.RELEASE.jar:5.0.8.RELEASE]
	at org.springframework.security.web.savedrequest.RequestCacheAwareFilter.doFilter(RequestCacheAwareFilter.java:63) [spring-security-web-5.0.8.RELEASE.jar:5.0.8.RELEASE]
	at org.springframework.security.web.FilterChainProxy$VirtualFilterChain.doFilter(FilterChainProxy.java:334) [spring-security-web-5.0.8.RELEASE.jar:5.0.8.RELEASE]
	at org.springframework.security.web.authentication.www.BasicAuthenticationFilter.doFilterInternal(BasicAuthenticationFilter.java:215) [spring-security-web-5.0.8.RELEASE.jar:5.0.8.RELEASE]
	at org.springframework.web.filter.OncePerRequestFilter.doFilter(OncePerRequestFilter.java:107) [spring-web-5.0.9.RELEASE.jar:5.0.9.RELEASE]
	at org.springframework.security.web.FilterChainProxy$VirtualFilterChain.doFilter(FilterChainProxy.java:334) [spring-security-web-5.0.8.RELEASE.jar:5.0.8.RELEASE]
	at org.springframework.security.web.authentication.logout.LogoutFilter.doFilter(LogoutFilter.java:116) [spring-security-web-5.0.8.RELEASE.jar:5.0.8.RELEASE]
	at org.springframework.security.web.FilterChainProxy$VirtualFilterChain.doFilter(FilterChainProxy.java:334) [spring-security-web-5.0.8.RELEASE.jar:5.0.8.RELEASE]
	at org.springframework.security.web.header.HeaderWriterFilter.doFilterInternal(HeaderWriterFilter.java:66) [spring-security-web-5.0.8.RELEASE.jar:5.0.8.RELEASE]
	at org.springframework.web.filter.OncePerRequestFilter.doFilter(OncePerRequestFilter.java:107) [spring-web-5.0.9.RELEASE.jar:5.0.9.RELEASE]
	at org.springframework.security.web.FilterChainProxy$VirtualFilterChain.doFilter(FilterChainProxy.java:334) [spring-security-web-5.0.8.RELEASE.jar:5.0.8.RELEASE]
	at org.springframework.security.web.context.SecurityContextPersistenceFilter.doFilter(SecurityContextPersistenceFilter.java:105) [spring-security-web-5.0.8.RELEASE.jar:5.0.8.RELEASE]
	at org.springframework.security.web.FilterChainProxy$VirtualFilterChain.doFilter(FilterChainProxy.java:334) [spring-security-web-5.0.8.RELEASE.jar:5.0.8.RELEASE]
	at org.springframework.security.web.context.request.async.WebAsyncManagerIntegrationFilter.doFilterInternal(WebAsyncManagerIntegrationFilter.java:56) [spring-security-web-5.0.8.RELEASE.jar:5.0.8.RELEASE]
	at org.springframework.web.filter.OncePerRequestFilter.doFilter(OncePerRequestFilter.java:107) [spring-web-5.0.9.RELEASE.jar:5.0.9.RELEASE]
	at org.springframework.security.web.FilterChainProxy$VirtualFilterChain.doFilter(FilterChainProxy.java:334) [spring-security-web-5.0.8.RELEASE.jar:5.0.8.RELEASE]
	at org.springframework.security.web.FilterChainProxy.doFilterInternal(FilterChainProxy.java:215) [spring-security-web-5.0.8.RELEASE.jar:5.0.8.RELEASE]
	at org.springframework.security.web.FilterChainProxy.doFilter(FilterChainProxy.java:178) [spring-security-web-5.0.8.RELEASE.jar:5.0.8.RELEASE]
	at org.springframework.web.filter.DelegatingFilterProxy.invokeDelegate(DelegatingFilterProxy.java:357) [spring-web-5.0.9.RELEASE.jar:5.0.9.RELEASE]
	at org.springframework.web.filter.DelegatingFilterProxy.doFilter(DelegatingFilterProxy.java:270) [spring-web-5.0.9.RELEASE.jar:5.0.9.RELEASE]
	at org.apache.catalina.core.ApplicationFilterChain.internalDoFilter(ApplicationFilterChain.java:193) [tomcat-embed-core-8.5.34.jar:8.5.34]
	at org.apache.catalina.core.ApplicationFilterChain.doFilter(ApplicationFilterChain.java:166) [tomcat-embed-core-8.5.34.jar:8.5.34]
	at org.springframework.web.filter.RequestContextFilter.doFilterInternal(RequestContextFilter.java:99) [spring-web-5.0.9.RELEASE.jar:5.0.9.RELEASE]
	at org.springframework.web.filter.OncePerRequestFilter.doFilter(OncePerRequestFilter.java:107) [spring-web-5.0.9.RELEASE.jar:5.0.9.RELEASE]
	at org.apache.catalina.core.ApplicationFilterChain.internalDoFilter(ApplicationFilterChain.java:193) [tomcat-embed-core-8.5.34.jar:8.5.34]
	at org.apache.catalina.core.ApplicationFilterChain.doFilter(ApplicationFilterChain.java:166) [tomcat-embed-core-8.5.34.jar:8.5.34]
	at org.springframework.web.filter.HttpPutFormContentFilter.doFilterInternal(HttpPutFormContentFilter.java:109) [spring-web-5.0.9.RELEASE.jar:5.0.9.RELEASE]
	at org.springframework.web.filter.OncePerRequestFilter.doFilter(OncePerRequestFilter.java:107) [spring-web-5.0.9.RELEASE.jar:5.0.9.RELEASE]
	at org.apache.catalina.core.ApplicationFilterChain.internalDoFilter(ApplicationFilterChain.java:193) [tomcat-embed-core-8.5.34.jar:8.5.34]
	at org.apache.catalina.core.ApplicationFilterChain.doFilter(ApplicationFilterChain.java:166) [tomcat-embed-core-8.5.34.jar:8.5.34]
	at org.springframework.web.filter.HiddenHttpMethodFilter.doFilterInternal(HiddenHttpMethodFilter.java:93) [spring-web-5.0.9.RELEASE.jar:5.0.9.RELEASE]
	at org.springframework.web.filter.OncePerRequestFilter.doFilter(OncePerRequestFilter.java:107) [spring-web-5.0.9.RELEASE.jar:5.0.9.RELEASE]
	at org.apache.catalina.core.ApplicationFilterChain.internalDoFilter(ApplicationFilterChain.java:193) [tomcat-embed-core-8.5.34.jar:8.5.34]
	at org.apache.catalina.core.ApplicationFilterChain.doFilter(ApplicationFilterChain.java:166) [tomcat-embed-core-8.5.34.jar:8.5.34]
	at org.springframework.boot.actuate.metrics.web.servlet.WebMvcMetricsFilter.filterAndRecordMetrics(WebMvcMetricsFilter.java:155) [spring-boot-actuator-2.0.5.RELEASE.jar:2.0.5.RELEASE]
	at org.springframework.boot.actuate.metrics.web.servlet.WebMvcMetricsFilter.filterAndRecordMetrics(WebMvcMetricsFilter.java:123) [spring-boot-actuator-2.0.5.RELEASE.jar:2.0.5.RELEASE]
	at org.springframework.boot.actuate.metrics.web.servlet.WebMvcMetricsFilter.doFilterInternal(WebMvcMetricsFilter.java:108) [spring-boot-actuator-2.0.5.RELEASE.jar:2.0.5.RELEASE]
	at org.springframework.web.filter.OncePerRequestFilter.doFilter(OncePerRequestFilter.java:107) [spring-web-5.0.9.RELEASE.jar:5.0.9.RELEASE]
	at org.apache.catalina.core.ApplicationFilterChain.internalDoFilter(ApplicationFilterChain.java:193) [tomcat-embed-core-8.5.34.jar:8.5.34]
	at org.apache.catalina.core.ApplicationFilterChain.doFilter(ApplicationFilterChain.java:166) [tomcat-embed-core-8.5.34.jar:8.5.34]
	at org.springframework.web.filter.CharacterEncodingFilter.doFilterInternal(CharacterEncodingFilter.java:200) [spring-web-5.0.9.RELEASE.jar:5.0.9.RELEASE]
	at org.springframework.web.filter.OncePerRequestFilter.doFilter(OncePerRequestFilter.java:107) [spring-web-5.0.9.RELEASE.jar:5.0.9.RELEASE]
	at org.apache.catalina.core.ApplicationFilterChain.internalDoFilter(ApplicationFilterChain.java:193) [tomcat-embed-core-8.5.34.jar:8.5.34]
	at org.apache.catalina.core.ApplicationFilterChain.doFilter(ApplicationFilterChain.java:166) [tomcat-embed-core-8.5.34.jar:8.5.34]
	at org.apache.catalina.core.StandardWrapperValve.invoke(StandardWrapperValve.java:198) [tomcat-embed-core-8.5.34.jar:8.5.34]
	at org.apache.catalina.core.StandardContextValve.invoke(StandardContextValve.java:96) [tomcat-embed-core-8.5.34.jar:8.5.34]
	at org.apache.catalina.authenticator.AuthenticatorBase.invoke(AuthenticatorBase.java:493) [tomcat-embed-core-8.5.34.jar:8.5.34]
	at org.apache.catalina.core.StandardHostValve.invoke(StandardHostValve.java:140) [tomcat-embed-core-8.5.34.jar:8.5.34]
	at org.apache.catalina.valves.ErrorReportValve.invoke(ErrorReportValve.java:81) [tomcat-embed-core-8.5.34.jar:8.5.34]
	at org.apache.catalina.core.StandardEngineValve.invoke(StandardEngineValve.java:87) [tomcat-embed-core-8.5.34.jar:8.5.34]
	at org.apache.catalina.connector.CoyoteAdapter.service(CoyoteAdapter.java:342) [tomcat-embed-core-8.5.34.jar:8.5.34]
	at org.apache.coyote.http11.Http11Processor.service(Http11Processor.java:800) [tomcat-embed-core-8.5.34.jar:8.5.34]
	at org.apache.coyote.AbstractProcessorLight.process(AbstractProcessorLight.java:66) [tomcat-embed-core-8.5.34.jar:8.5.34]
	at org.apache.coyote.AbstractProtocol$ConnectionHandler.process(AbstractProtocol.java:806) [tomcat-embed-core-8.5.34.jar:8.5.34]
	at org.apache.tomcat.util.net.NioEndpoint$SocketProcessor.doRun(NioEndpoint.java:1498) [tomcat-embed-core-8.5.34.jar:8.5.34]
	at org.apache.tomcat.util.net.SocketProcessorBase.run(SocketProcessorBase.java:49) [tomcat-embed-core-8.5.34.jar:8.5.34]
	at java.util.concurrent.ThreadPoolExecutor.runWorker(Unknown Source) [na:1.8.0_172]
	at java.util.concurrent.ThreadPoolExecutor$Worker.run(Unknown Source) [na:1.8.0_172]
	at org.apache.tomcat.util.threads.TaskThread$WrappingRunnable.run(TaskThread.java:61) [tomcat-embed-core-8.5.34.jar:8.5.34]
	at java.lang.Thread.run(Unknown Source) [na:1.8.0_172]
Caused by: com.beyontec.mdcp.authservice.exception.UserAccountLockedException: Account is locked
	at com.beyontec.mdcp.authservice.security.userdetails.UserDetailsServiceImpl.loadUserByUsername(UserDetailsServiceImpl.java:39) ~[classes/:na]
	at org.springframework.security.authentication.dao.DaoAuthenticationProvider.retrieveUser(DaoAuthenticationProvider.java:104) ~[spring-security-core-5.0.8.RELEASE.jar:5.0.8.RELEASE]
	... 107 common frames omitted
2020-10-24 10:17:36 [http-nio-8989-exec-7] ERROR c.b.m.a.e.GlobalExceptionHandler -----> JSONObject["access_token"] not found.
2020-10-24 10:21:49 [AsyncResolver-bootstrap-executor-0] INFO  c.n.d.s.r.aws.ConfigClusterResolver -----> Resolving eureka endpoints via configuration
2020-10-24 10:26:49 [AsyncResolver-bootstrap-executor-0] INFO  c.n.d.s.r.aws.ConfigClusterResolver -----> Resolving eureka endpoints via configuration
2020-10-24 10:31:49 [AsyncResolver-bootstrap-executor-0] INFO  c.n.d.s.r.aws.ConfigClusterResolver -----> Resolving eureka endpoints via configuration
2020-10-24 10:36:49 [AsyncResolver-bootstrap-executor-0] INFO  c.n.d.s.r.aws.ConfigClusterResolver -----> Resolving eureka endpoints via configuration
2020-10-24 10:41:49 [AsyncResolver-bootstrap-executor-0] INFO  c.n.d.s.r.aws.ConfigClusterResolver -----> Resolving eureka endpoints via configuration
2020-10-24 10:46:49 [AsyncResolver-bootstrap-executor-0] INFO  c.n.d.s.r.aws.ConfigClusterResolver -----> Resolving eureka endpoints via configuration
2020-10-24 10:51:49 [AsyncResolver-bootstrap-executor-0] INFO  c.n.d.s.r.aws.ConfigClusterResolver -----> Resolving eureka endpoints via configuration
2020-10-24 10:56:49 [AsyncResolver-bootstrap-executor-0] INFO  c.n.d.s.r.aws.ConfigClusterResolver -----> Resolving eureka endpoints via configuration
2020-10-24 11:01:49 [AsyncResolver-bootstrap-executor-0] INFO  c.n.d.s.r.aws.ConfigClusterResolver -----> Resolving eureka endpoints via configuration
2020-10-24 11:06:49 [AsyncResolver-bootstrap-executor-0] INFO  c.n.d.s.r.aws.ConfigClusterResolver -----> Resolving eureka endpoints via configuration
2020-10-24 11:11:49 [AsyncResolver-bootstrap-executor-0] INFO  c.n.d.s.r.aws.ConfigClusterResolver -----> Resolving eureka endpoints via configuration
2020-10-24 11:14:16 [RMI TCP Connection(3333)-127.0.0.1] INFO  o.s.b.a.SpringApplicationAdminMXBeanRegistrar$SpringApplicationAdmin -----> Application shutdown requested.
2020-10-24 11:14:17 [RMI TCP Connection(3333)-127.0.0.1] INFO  o.s.b.w.s.c.AnnotationConfigServletWebServerApplicationContext -----> Closing org.springframework.boot.web.servlet.context.AnnotationConfigServletWebServerApplicationContext@6bea52d4: startup date [Fri Oct 23 17:36:09 IST 2020]; parent: org.springframework.context.annotation.AnnotationConfigApplicationContext@37858383
2020-10-24 11:14:19 [RMI TCP Connection(3333)-127.0.0.1] INFO  o.s.c.n.e.s.EurekaServiceRegistry -----> Unregistering application auth-service with eureka with status DOWN
2020-10-24 11:14:19 [RMI TCP Connection(3333)-127.0.0.1] WARN  c.netflix.discovery.DiscoveryClient -----> Saw local status change event StatusChangeEvent [timestamp=1603518259328, current=DOWN, previous=UP]
2020-10-24 11:14:19 [DiscoveryClient-InstanceInfoReplicator-0] INFO  c.netflix.discovery.DiscoveryClient -----> DiscoveryClient_AUTH-SERVICE/RPC156.itp.objectfrontier.com:auth-service:8989: registering service...
2020-10-24 11:14:19 [DiscoveryClient-InstanceInfoReplicator-0] INFO  c.netflix.discovery.DiscoveryClient -----> DiscoveryClient_AUTH-SERVICE/RPC156.itp.objectfrontier.com:auth-service:8989 - registration status: 204
2020-10-24 11:14:22 [RMI TCP Connection(3333)-127.0.0.1] INFO  o.s.c.s.DefaultLifecycleProcessor -----> Stopping beans in phase 0
2020-10-24 11:14:22 [RMI TCP Connection(3333)-127.0.0.1] INFO  o.s.j.e.a.AnnotationMBeanExporter -----> Unregistering JMX-exposed beans on shutdown
2020-10-24 11:14:22 [RMI TCP Connection(3333)-127.0.0.1] INFO  o.s.j.e.a.AnnotationMBeanExporter -----> Unregistering JMX-exposed beans
2020-10-24 11:14:24 [RMI TCP Connection(3333)-127.0.0.1] INFO  o.s.o.j.LocalContainerEntityManagerFactoryBean -----> Closing JPA EntityManagerFactory for persistence unit 'default'
2020-10-24 11:14:26 [RMI TCP Connection(3333)-127.0.0.1] INFO  c.netflix.discovery.DiscoveryClient -----> Shutting down DiscoveryClient ...
2020-10-24 11:14:26 [RMI TCP Connection(3333)-127.0.0.1] WARN  o.s.c.a.CommonAnnotationBeanPostProcessor -----> Invocation of destroy method failed on bean with name 'scopedTarget.eurekaClient': org.springframework.beans.factory.BeanCreationNotAllowedException: Error creating bean with name 'eurekaInstanceConfigBean': Singleton bean creation not allowed while singletons of this factory are in destruction (Do not request a bean from a BeanFactory in a destroy method implementation!)
2020-10-24 11:14:26 [RMI TCP Connection(3333)-127.0.0.1] INFO  com.zaxxer.hikari.HikariDataSource -----> HikariPool-1 - Shutdown initiated...
2020-10-24 11:14:27 [RMI TCP Connection(3333)-127.0.0.1] INFO  com.zaxxer.hikari.HikariDataSource -----> HikariPool-1 - Shutdown completed.
2020-10-24 11:14:27 [RMI TCP Connection(3333)-127.0.0.1] INFO  o.a.catalina.core.StandardService -----> Stopping service [Tomcat]
2020-10-24 11:14:28 [localhost-startStop-2] INFO  o.a.c.c.C.[.[.[/auth-service] -----> Destroying Spring FrameworkServlet 'dispatcherServlet'
2020-10-24 11:14:28 [localhost-startStop-2] WARN  o.a.c.loader.WebappClassLoaderBase -----> The web application [auth-service] appears to have started a thread named [Thread-16] but has failed to stop it. This is very likely to create a memory leak. Stack trace of thread:
 java.lang.Object.wait(Native Method)
 com.mashape.unirest.http.utils.SyncIdleConnectionMonitorThread.run(SyncIdleConnectionMonitorThread.java:22)
2020-10-24 11:15:41 [main] INFO  c.b.m.a.AuthServiceApplication -----> No active profile set, falling back to default profiles: default
2020-10-24 11:15:41 [main] INFO  o.s.b.w.s.c.AnnotationConfigServletWebServerApplicationContext -----> Refreshing org.springframework.boot.web.servlet.context.AnnotationConfigServletWebServerApplicationContext@6da00fb9: startup date [Sat Oct 24 11:15:41 IST 2020]; parent: org.springframework.context.annotation.AnnotationConfigApplicationContext@140c9f39
2020-10-24 11:15:46 [main] INFO  o.s.b.f.s.DefaultListableBeanFactory -----> Overriding bean definition for bean 'dataSource' with a different definition: replacing [Root bean: class [null]; scope=refresh; abstract=false; lazyInit=false; autowireMode=3; dependencyCheck=0; autowireCandidate=false; primary=false; factoryBeanName=org.springframework.boot.autoconfigure.jdbc.DataSourceConfiguration$Hikari; factoryMethodName=dataSource; initMethodName=null; destroyMethodName=(inferred); defined in class path resource [org/springframework/boot/autoconfigure/jdbc/DataSourceConfiguration$Hikari.class]] with [Root bean: class [org.springframework.aop.scope.ScopedProxyFactoryBean]; scope=; abstract=false; lazyInit=false; autowireMode=0; dependencyCheck=0; autowireCandidate=true; primary=false; factoryBeanName=null; factoryMethodName=null; initMethodName=null; destroyMethodName=null; defined in BeanDefinition defined in class path resource [org/springframework/boot/autoconfigure/jdbc/DataSourceConfiguration$Hikari.class]]
2020-10-24 11:15:46 [main] INFO  o.s.cloud.context.scope.GenericScope -----> BeanFactory id=9b77dc5d-7a8b-37d2-8b10-df96a5c48427
2020-10-24 11:15:46 [main] INFO  o.s.b.f.a.AutowiredAnnotationBeanPostProcessor -----> JSR-330 'javax.inject.Inject' annotation found and supported for autowiring
2020-10-24 11:15:47 [main] INFO  o.s.c.s.PostProcessorRegistrationDelegate$BeanPostProcessorChecker -----> Bean 'org.springframework.transaction.annotation.ProxyTransactionManagementConfiguration' of type [org.springframework.transaction.annotation.ProxyTransactionManagementConfiguration$$EnhancerBySpringCGLIB$$630236e4] is not eligible for getting processed by all BeanPostProcessors (for example: not eligible for auto-proxying)
2020-10-24 11:15:47 [main] INFO  o.s.c.s.PostProcessorRegistrationDelegate$BeanPostProcessorChecker -----> Bean 'org.springframework.cloud.autoconfigure.ConfigurationPropertiesRebinderAutoConfiguration' of type [org.springframework.cloud.autoconfigure.ConfigurationPropertiesRebinderAutoConfiguration$$EnhancerBySpringCGLIB$$7f1c39e1] is not eligible for getting processed by all BeanPostProcessors (for example: not eligible for auto-proxying)
2020-10-24 11:15:48 [main] INFO  o.s.b.w.e.tomcat.TomcatWebServer -----> Tomcat initialized with port(s): 8989 (http)
2020-10-24 11:15:48 [main] INFO  o.a.catalina.core.StandardService -----> Starting service [Tomcat]
2020-10-24 11:15:48 [main] INFO  o.a.catalina.core.StandardEngine -----> Starting Servlet Engine: Apache Tomcat/8.5.34
2020-10-24 11:15:48 [localhost-startStop-1] INFO  o.a.c.core.AprLifecycleListener -----> The APR based Apache Tomcat Native library which allows optimal performance in production environments was not found on the java.library.path: [C:\Program Files\Java\jre1.8.0_172\bin;C:\WINDOWS\Sun\Java\bin;C:\WINDOWS\system32;C:\WINDOWS;C:/Program Files/Java/jre1.8.0_172/bin/server;C:/Program Files/Java/jre1.8.0_172/bin;C:/Program Files/Java/jre1.8.0_172/lib/amd64;C:\Program Files (x86)\Common Files\Oracle\Java\javapath;C:\Program Files (x86)\Intel\iCLS Client\;C:\Program Files\Intel\iCLS Client\;C:\WINDOWS\system32;C:\WINDOWS;C:\WINDOWS\System32\Wbem;C:\WINDOWS\System32\WindowsPowerShell\v1.0\;C:\Program Files (x86)\Intel\Intel(R) Management Engine Components\DAL;C:\Program Files\Intel\Intel(R) Management Engine Components\DAL;C:\Program Files (x86)\Intel\Intel(R) Management Engine Components\IPT;C:\Program Files\Intel\Intel(R) Management Engine Components\IPT;C:\Program Files (x86)\Intel\UCRT\;C:\Program Files\Intel\UCRT\;C:\Program Files\nodejs\;C:\Program Files\Microsoft SQL Server\Client SDK\ODBC\110\Tools\Binn\;C:\Program Files (x86)\Microsoft SQL Server\120\Tools\Binn\ManagementStudio\;C:\Program Files (x86)\Microsoft SQL Server\120\Tools\Binn\;C:\Program Files\Microsoft SQL Server\120\Tools\Binn\;C:\Program Files (x86)\Microsoft SQL Server\120\DTS\Binn\;C:\Program Files\Microsoft SQL Server\120\DTS\Binn\;C:\WINDOWS\System32\OpenSSH\;C:\Program Files\OpenVPN\bin;C:\Users\sandeep.k\AppData\Roaming\npm;C:\Users\sandeep.k\AppData\Local\Programs\Git\cmd;D:\apache-maven-3.5.3-bin\apache-maven-3.5.3\bin;C:\Users\sandeep.k\AppData\Local\Microsoft\WindowsApps;;D:\spring-tool-suite-4-4.2.0.RELEASE-e4.11.0-win32.win32.x86_64\sts-4.2.0.RELEASE;;.]
2020-10-24 11:15:49 [localhost-startStop-1] INFO  o.a.c.c.C.[.[.[/auth-service] -----> Initializing Spring embedded WebApplicationContext
2020-10-24 11:15:49 [localhost-startStop-1] WARN  c.n.c.sources.URLConfigurationSource -----> No URLs will be polled as dynamic configuration sources.
2020-10-24 11:15:49 [localhost-startStop-1] INFO  c.n.c.sources.URLConfigurationSource -----> To enable URLs as dynamic configuration sources, define System property archaius.configurationSource.additionalUrls or make config.properties available on classpath.
2020-10-24 11:15:49 [localhost-startStop-1] INFO  c.n.config.DynamicPropertyFactory -----> DynamicPropertyFactory is initialized with configuration sources: com.netflix.config.ConcurrentCompositeConfiguration@d9258de
2020-10-24 11:15:52 [localhost-startStop-1] INFO  o.s.b.w.s.FilterRegistrationBean -----> Mapping filter: 'characterEncodingFilter' to: [/*]
2020-10-24 11:15:52 [localhost-startStop-1] INFO  o.s.b.w.s.FilterRegistrationBean -----> Mapping filter: 'webMvcMetricsFilter' to: [/*]
2020-10-24 11:15:52 [localhost-startStop-1] INFO  o.s.b.w.s.FilterRegistrationBean -----> Mapping filter: 'hiddenHttpMethodFilter' to: [/*]
2020-10-24 11:15:52 [localhost-startStop-1] INFO  o.s.b.w.s.FilterRegistrationBean -----> Mapping filter: 'httpPutFormContentFilter' to: [/*]
2020-10-24 11:15:52 [localhost-startStop-1] INFO  o.s.b.w.s.FilterRegistrationBean -----> Mapping filter: 'requestContextFilter' to: [/*]
2020-10-24 11:15:52 [localhost-startStop-1] INFO  o.s.b.w.s.DelegatingFilterProxyRegistrationBean -----> Mapping filter: 'springSecurityFilterChain' to: [/*]
2020-10-24 11:15:52 [localhost-startStop-1] INFO  o.s.b.w.s.FilterRegistrationBean -----> Mapping filter: 'httpTraceFilter' to: [/*]
2020-10-24 11:15:52 [localhost-startStop-1] INFO  o.s.b.w.s.ServletRegistrationBean -----> Servlet dispatcherServlet mapped to [/]
2020-10-24 11:15:53 [main] INFO  com.zaxxer.hikari.HikariDataSource -----> HikariPool-1 - Starting...
2020-10-24 11:15:53 [main] INFO  com.zaxxer.hikari.HikariDataSource -----> HikariPool-1 - Start completed.
2020-10-24 11:15:53 [main] INFO  o.s.o.j.LocalContainerEntityManagerFactoryBean -----> Building JPA container EntityManagerFactory for persistence unit 'default'
2020-10-24 11:15:56 [main] INFO  o.s.o.j.LocalContainerEntityManagerFactoryBean -----> Initialized JPA EntityManagerFactory for persistence unit 'default'
2020-10-24 11:15:59 [main] WARN  o.s.s.o.p.t.s.JwtAccessTokenConverter -----> Unable to create an RSA verifier from verifierKey (ignoreable if using MAC)
2020-10-24 11:16:01 [main] INFO  o.s.s.o.p.e.FrameworkEndpointHandlerMapping -----> Mapped "{[/oauth/authorize],methods=[POST],params=[user_oauth_approval]}" onto public org.springframework.web.servlet.View org.springframework.security.oauth2.provider.endpoint.AuthorizationEndpoint.approveOrDeny(java.util.Map<java.lang.String, java.lang.String>,java.util.Map<java.lang.String, ?>,org.springframework.web.bind.support.SessionStatus,java.security.Principal)
2020-10-24 11:16:01 [main] INFO  o.s.s.o.p.e.FrameworkEndpointHandlerMapping -----> Mapped "{[/oauth/authorize]}" onto public org.springframework.web.servlet.ModelAndView org.springframework.security.oauth2.provider.endpoint.AuthorizationEndpoint.authorize(java.util.Map<java.lang.String, java.lang.Object>,java.util.Map<java.lang.String, java.lang.String>,org.springframework.web.bind.support.SessionStatus,java.security.Principal)
2020-10-24 11:16:01 [main] INFO  o.s.s.o.p.e.FrameworkEndpointHandlerMapping -----> Mapped "{[/oauth/token],methods=[GET]}" onto public org.springframework.http.ResponseEntity<org.springframework.security.oauth2.common.OAuth2AccessToken> org.springframework.security.oauth2.provider.endpoint.TokenEndpoint.getAccessToken(java.security.Principal,java.util.Map<java.lang.String, java.lang.String>) throws org.springframework.web.HttpRequestMethodNotSupportedException
2020-10-24 11:16:01 [main] INFO  o.s.s.o.p.e.FrameworkEndpointHandlerMapping -----> Mapped "{[/oauth/token],methods=[POST]}" onto public org.springframework.http.ResponseEntity<org.springframework.security.oauth2.common.OAuth2AccessToken> org.springframework.security.oauth2.provider.endpoint.TokenEndpoint.postAccessToken(java.security.Principal,java.util.Map<java.lang.String, java.lang.String>) throws org.springframework.web.HttpRequestMethodNotSupportedException
2020-10-24 11:16:01 [main] INFO  o.s.s.o.p.e.FrameworkEndpointHandlerMapping -----> Mapped "{[/oauth/check_token]}" onto public java.util.Map<java.lang.String, ?> org.springframework.security.oauth2.provider.endpoint.CheckTokenEndpoint.checkToken(java.lang.String)
2020-10-24 11:16:01 [main] INFO  o.s.s.o.p.e.FrameworkEndpointHandlerMapping -----> Mapped "{[/oauth/confirm_access]}" onto public org.springframework.web.servlet.ModelAndView org.springframework.security.oauth2.provider.endpoint.WhitelabelApprovalEndpoint.getAccessConfirmation(java.util.Map<java.lang.String, java.lang.Object>,javax.servlet.http.HttpServletRequest) throws java.lang.Exception
2020-10-24 11:16:01 [main] INFO  o.s.s.o.p.e.FrameworkEndpointHandlerMapping -----> Mapped "{[/oauth/error]}" onto public org.springframework.web.servlet.ModelAndView org.springframework.security.oauth2.provider.endpoint.WhitelabelErrorEndpoint.handleError(javax.servlet.http.HttpServletRequest)
2020-10-24 11:16:01 [main] INFO  o.s.s.o.p.e.FrameworkEndpointHandlerMapping -----> Mapped "{[/oauth/token_key],methods=[GET]}" onto public java.util.Map<java.lang.String, java.lang.String> org.springframework.security.oauth2.provider.endpoint.TokenKeyEndpoint.getKey(java.security.Principal)
2020-10-24 11:16:02 [main] INFO  o.s.s.web.DefaultSecurityFilterChain -----> Creating filter chain: OrRequestMatcher [requestMatchers=[Ant [pattern='/oauth/token'], Ant [pattern='/oauth/token_key'], Ant [pattern='/oauth/check_token']]], [org.springframework.security.web.context.request.async.WebAsyncManagerIntegrationFilter@4cf5d999, org.springframework.security.web.context.SecurityContextPersistenceFilter@c6244e7, org.springframework.security.web.header.HeaderWriterFilter@43ee1cf7, org.springframework.security.web.authentication.logout.LogoutFilter@26888c31, org.springframework.security.web.authentication.www.BasicAuthenticationFilter@2006fdaa, org.springframework.security.web.savedrequest.RequestCacheAwareFilter@3292eff7, org.springframework.security.web.servletapi.SecurityContextHolderAwareRequestFilter@48860139, org.springframework.security.web.authentication.AnonymousAuthenticationFilter@4bdef487, org.springframework.security.web.session.SessionManagementFilter@17a7d6c8, org.springframework.security.web.access.ExceptionTranslationFilter@572b4072, org.springframework.security.web.access.intercept.FilterSecurityInterceptor@59014efe]
2020-10-24 11:16:02 [main] INFO  o.s.s.web.DefaultSecurityFilterChain -----> Creating filter chain: org.springframework.security.oauth2.config.annotation.web.configuration.ResourceServerConfiguration$NotOAuthRequestMatcher@7641ed02, [org.springframework.security.web.context.request.async.WebAsyncManagerIntegrationFilter@4ebed2b3, org.springframework.security.web.context.SecurityContextPersistenceFilter@7294a684, org.springframework.security.web.header.HeaderWriterFilter@6614ecca, org.springframework.security.web.authentication.logout.LogoutFilter@1ac25dbb, org.springframework.security.oauth2.provider.authentication.OAuth2AuthenticationProcessingFilter@5b55c3d6, org.springframework.security.web.savedrequest.RequestCacheAwareFilter@2762253e, org.springframework.security.web.servletapi.SecurityContextHolderAwareRequestFilter@6651efa4, org.springframework.security.web.authentication.AnonymousAuthenticationFilter@11069eac, org.springframework.security.web.session.SessionManagementFilter@43e7f104, org.springframework.security.web.access.ExceptionTranslationFilter@7d551ec6, org.springframework.security.web.access.intercept.FilterSecurityInterceptor@1edac3b4]
2020-10-24 11:16:02 [main] INFO  o.s.s.web.DefaultSecurityFilterChain -----> Creating filter chain: org.springframework.security.web.util.matcher.AnyRequestMatcher@1, [org.springframework.security.web.context.request.async.WebAsyncManagerIntegrationFilter@2361365c, org.springframework.security.web.context.SecurityContextPersistenceFilter@432eb882, org.springframework.security.web.header.HeaderWriterFilter@e5864c2, org.springframework.security.web.authentication.logout.LogoutFilter@146add7b, org.springframework.security.web.savedrequest.RequestCacheAwareFilter@69372c1e, org.springframework.security.web.servletapi.SecurityContextHolderAwareRequestFilter@24842b8e, org.springframework.security.web.authentication.AnonymousAuthenticationFilter@59b853aa, org.springframework.security.web.session.SessionManagementFilter@577cf459, org.springframework.security.web.access.ExceptionTranslationFilter@42cd0fc6, org.springframework.security.web.access.intercept.FilterSecurityInterceptor@35af1558]
2020-10-24 11:16:02 [main] WARN  o.s.s.o.p.t.s.JwtAccessTokenConverter -----> Unable to create an RSA verifier from verifierKey (ignoreable if using MAC)
2020-10-24 11:16:02 [main] WARN  c.n.c.sources.URLConfigurationSource -----> No URLs will be polled as dynamic configuration sources.
2020-10-24 11:16:02 [main] INFO  c.n.c.sources.URLConfigurationSource -----> To enable URLs as dynamic configuration sources, define System property archaius.configurationSource.additionalUrls or make config.properties available on classpath.
2020-10-24 11:16:02 [main] WARN  o.s.b.a.o.j.JpaBaseConfiguration$JpaWebConfiguration$JpaWebMvcConfiguration -----> spring.jpa.open-in-view is enabled by default. Therefore, database queries may be performed during view rendering. Explicitly configure spring.jpa.open-in-view to disable this warning
2020-10-24 11:16:03 [main] INFO  o.s.b.a.e.web.EndpointLinksResolver -----> Exposing 2 endpoint(s) beneath base path '/actuator'
2020-10-24 11:16:04 [main] INFO  o.s.b.a.e.w.s.WebMvcEndpointHandlerMapping -----> Mapped "{[/actuator/health],methods=[GET],produces=[application/vnd.spring-boot.actuator.v2+json || application/json]}" onto public java.lang.Object org.springframework.boot.actuate.endpoint.web.servlet.AbstractWebMvcEndpointHandlerMapping$OperationHandler.handle(javax.servlet.http.HttpServletRequest,java.util.Map<java.lang.String, java.lang.String>)
2020-10-24 11:16:04 [main] INFO  o.s.b.a.e.w.s.WebMvcEndpointHandlerMapping -----> Mapped "{[/actuator/info],methods=[GET],produces=[application/vnd.spring-boot.actuator.v2+json || application/json]}" onto public java.lang.Object org.springframework.boot.actuate.endpoint.web.servlet.AbstractWebMvcEndpointHandlerMapping$OperationHandler.handle(javax.servlet.http.HttpServletRequest,java.util.Map<java.lang.String, java.lang.String>)
2020-10-24 11:16:04 [main] INFO  o.s.b.a.e.w.s.WebMvcEndpointHandlerMapping -----> Mapped "{[/actuator],methods=[GET],produces=[application/vnd.spring-boot.actuator.v2+json || application/json]}" onto protected java.util.Map<java.lang.String, java.util.Map<java.lang.String, org.springframework.boot.actuate.endpoint.web.Link>> org.springframework.boot.actuate.endpoint.web.servlet.WebMvcEndpointHandlerMapping.links(javax.servlet.http.HttpServletRequest,javax.servlet.http.HttpServletResponse)
2020-10-24 11:16:04 [RMI TCP Connection(1)-127.0.0.1] INFO  o.a.c.c.C.[.[.[/auth-service] -----> Initializing Spring FrameworkServlet 'dispatcherServlet'
2020-10-24 11:16:04 [main] INFO  o.s.j.e.a.AnnotationMBeanExporter -----> Registering beans for JMX exposure on startup
2020-10-24 11:16:04 [main] INFO  o.s.j.e.a.AnnotationMBeanExporter -----> Bean with name 'dataSource' has been autodetected for JMX exposure
2020-10-24 11:16:04 [main] INFO  o.s.j.e.a.AnnotationMBeanExporter -----> Bean with name 'environmentManager' has been autodetected for JMX exposure
2020-10-24 11:16:04 [main] INFO  o.s.j.e.a.AnnotationMBeanExporter -----> Bean with name 'refreshScope' has been autodetected for JMX exposure
2020-10-24 11:16:04 [main] INFO  o.s.j.e.a.AnnotationMBeanExporter -----> Bean with name 'configurationPropertiesRebinder' has been autodetected for JMX exposure
2020-10-24 11:16:04 [main] INFO  o.s.j.e.a.AnnotationMBeanExporter -----> Located managed bean 'environmentManager': registering with JMX server as MBean [org.springframework.cloud.context.environment:name=environmentManager,type=EnvironmentManager]
2020-10-24 11:16:04 [main] INFO  o.s.j.e.a.AnnotationMBeanExporter -----> Located managed bean 'refreshScope': registering with JMX server as MBean [org.springframework.cloud.context.scope.refresh:name=refreshScope,type=RefreshScope]
2020-10-24 11:16:04 [main] INFO  o.s.j.e.a.AnnotationMBeanExporter -----> Located managed bean 'configurationPropertiesRebinder': registering with JMX server as MBean [org.springframework.cloud.context.properties:name=configurationPropertiesRebinder,context=6da00fb9,type=ConfigurationPropertiesRebinder]
2020-10-24 11:16:04 [main] INFO  o.s.j.e.a.AnnotationMBeanExporter -----> Located MBean 'dataSource': registering with JMX server as MBean [com.zaxxer.hikari:name=dataSource,type=HikariDataSource]
2020-10-24 11:16:04 [main] INFO  o.s.c.s.DefaultLifecycleProcessor -----> Starting beans in phase 0
2020-10-24 11:16:04 [main] INFO  o.s.c.n.eureka.InstanceInfoFactory -----> Setting initial instance status as: STARTING
2020-10-24 11:16:04 [main] INFO  c.netflix.discovery.DiscoveryClient -----> Initializing Eureka in region us-east-1
2020-10-24 11:16:04 [main] INFO  c.n.d.p.DiscoveryJerseyProvider -----> Using JSON encoding codec LegacyJacksonJson
2020-10-24 11:16:04 [main] INFO  c.n.d.p.DiscoveryJerseyProvider -----> Using JSON decoding codec LegacyJacksonJson
2020-10-24 11:16:05 [main] INFO  c.n.d.p.DiscoveryJerseyProvider -----> Using XML encoding codec XStreamXml
2020-10-24 11:16:05 [main] INFO  c.n.d.p.DiscoveryJerseyProvider -----> Using XML decoding codec XStreamXml
2020-10-24 11:16:05 [main] INFO  c.n.d.s.r.aws.ConfigClusterResolver -----> Resolving eureka endpoints via configuration
2020-10-24 11:16:05 [main] INFO  c.netflix.discovery.DiscoveryClient -----> Disable delta property : false
2020-10-24 11:16:05 [main] INFO  c.netflix.discovery.DiscoveryClient -----> Single vip registry refresh property : null
2020-10-24 11:16:05 [main] INFO  c.netflix.discovery.DiscoveryClient -----> Force full registry fetch : false
2020-10-24 11:16:05 [main] INFO  c.netflix.discovery.DiscoveryClient -----> Application is null : false
2020-10-24 11:16:05 [main] INFO  c.netflix.discovery.DiscoveryClient -----> Registered Applications size is zero : true
2020-10-24 11:16:05 [main] INFO  c.netflix.discovery.DiscoveryClient -----> Application version is -1: true
2020-10-24 11:16:05 [main] INFO  c.netflix.discovery.DiscoveryClient -----> Getting all instance registry info from the eureka server
2020-10-24 11:16:06 [main] INFO  c.netflix.discovery.DiscoveryClient -----> The response status is 200
2020-10-24 11:16:06 [main] INFO  c.netflix.discovery.DiscoveryClient -----> Starting heartbeat executor: renew interval is: 30
2020-10-24 11:16:06 [main] INFO  c.n.discovery.InstanceInfoReplicator -----> InstanceInfoReplicator onDemand update allowed rate per min is 4
2020-10-24 11:16:06 [main] INFO  c.netflix.discovery.DiscoveryClient -----> Discovery Client initialized at timestamp 1603518366142 with initial instances count: 5
2020-10-24 11:16:06 [main] INFO  o.s.c.n.e.s.EurekaServiceRegistry -----> Registering application auth-service with eureka with status UP
2020-10-24 11:16:06 [main] INFO  c.netflix.discovery.DiscoveryClient -----> Saw local status change event StatusChangeEvent [timestamp=1603518366162, current=UP, previous=STARTING]
2020-10-24 11:16:06 [DiscoveryClient-InstanceInfoReplicator-0] INFO  c.netflix.discovery.DiscoveryClient -----> DiscoveryClient_AUTH-SERVICE/RPC156.itp.objectfrontier.com:auth-service:8989: registering service...
2020-10-24 11:16:06 [DiscoveryClient-InstanceInfoReplicator-0] INFO  c.netflix.discovery.DiscoveryClient -----> DiscoveryClient_AUTH-SERVICE/RPC156.itp.objectfrontier.com:auth-service:8989 - registration status: 204
2020-10-24 11:16:06 [main] INFO  o.s.b.w.e.tomcat.TomcatWebServer -----> Tomcat started on port(s): 8989 (http) with context path '/auth-service'
2020-10-24 11:16:06 [main] INFO  o.s.c.n.e.s.EurekaAutoServiceRegistration -----> Updating port to 8989
2020-10-24 11:16:06 [main] INFO  c.b.m.a.AuthServiceApplication -----> Started AuthServiceApplication in 32.156 seconds (JVM running for 36.004)
2020-10-24 11:21:05 [AsyncResolver-bootstrap-executor-0] INFO  c.n.d.s.r.aws.ConfigClusterResolver -----> Resolving eureka endpoints via configuration
2020-10-24 11:26:05 [AsyncResolver-bootstrap-executor-0] INFO  c.n.d.s.r.aws.ConfigClusterResolver -----> Resolving eureka endpoints via configuration
2020-10-24 11:31:05 [AsyncResolver-bootstrap-executor-0] INFO  c.n.d.s.r.aws.ConfigClusterResolver -----> Resolving eureka endpoints via configuration
2020-10-24 11:36:05 [AsyncResolver-bootstrap-executor-0] INFO  c.n.d.s.r.aws.ConfigClusterResolver -----> Resolving eureka endpoints via configuration
2020-10-24 11:41:05 [AsyncResolver-bootstrap-executor-0] INFO  c.n.d.s.r.aws.ConfigClusterResolver -----> Resolving eureka endpoints via configuration
2020-10-24 11:46:05 [AsyncResolver-bootstrap-executor-0] INFO  c.n.d.s.r.aws.ConfigClusterResolver -----> Resolving eureka endpoints via configuration
2020-10-24 11:51:05 [AsyncResolver-bootstrap-executor-0] INFO  c.n.d.s.r.aws.ConfigClusterResolver -----> Resolving eureka endpoints via configuration
2020-10-24 11:56:05 [AsyncResolver-bootstrap-executor-0] INFO  c.n.d.s.r.aws.ConfigClusterResolver -----> Resolving eureka endpoints via configuration
2020-10-24 12:01:05 [AsyncResolver-bootstrap-executor-0] INFO  c.n.d.s.r.aws.ConfigClusterResolver -----> Resolving eureka endpoints via configuration
2020-10-24 12:06:05 [AsyncResolver-bootstrap-executor-0] INFO  c.n.d.s.r.aws.ConfigClusterResolver -----> Resolving eureka endpoints via configuration
2020-10-24 12:11:05 [AsyncResolver-bootstrap-executor-0] INFO  c.n.d.s.r.aws.ConfigClusterResolver -----> Resolving eureka endpoints via configuration
2020-10-24 12:16:05 [AsyncResolver-bootstrap-executor-0] INFO  c.n.d.s.r.aws.ConfigClusterResolver -----> Resolving eureka endpoints via configuration
2020-10-24 12:21:05 [AsyncResolver-bootstrap-executor-0] INFO  c.n.d.s.r.aws.ConfigClusterResolver -----> Resolving eureka endpoints via configuration
2020-10-24 12:26:05 [AsyncResolver-bootstrap-executor-0] INFO  c.n.d.s.r.aws.ConfigClusterResolver -----> Resolving eureka endpoints via configuration
2020-10-24 12:31:05 [AsyncResolver-bootstrap-executor-0] INFO  c.n.d.s.r.aws.ConfigClusterResolver -----> Resolving eureka endpoints via configuration
2020-10-24 12:36:05 [AsyncResolver-bootstrap-executor-0] INFO  c.n.d.s.r.aws.ConfigClusterResolver -----> Resolving eureka endpoints via configuration
2020-10-24 12:41:06 [AsyncResolver-bootstrap-executor-0] INFO  c.n.d.s.r.aws.ConfigClusterResolver -----> Resolving eureka endpoints via configuration
2020-10-24 12:46:06 [AsyncResolver-bootstrap-executor-0] INFO  c.n.d.s.r.aws.ConfigClusterResolver -----> Resolving eureka endpoints via configuration
2020-10-24 12:51:06 [AsyncResolver-bootstrap-executor-0] INFO  c.n.d.s.r.aws.ConfigClusterResolver -----> Resolving eureka endpoints via configuration
2020-10-24 12:56:06 [AsyncResolver-bootstrap-executor-0] INFO  c.n.d.s.r.aws.ConfigClusterResolver -----> Resolving eureka endpoints via configuration
2020-10-24 12:56:24 [RMI TCP Connection(171)-127.0.0.1] INFO  o.s.b.a.SpringApplicationAdminMXBeanRegistrar$SpringApplicationAdmin -----> Application shutdown requested.
2020-10-24 12:56:24 [RMI TCP Connection(171)-127.0.0.1] INFO  o.s.b.w.s.c.AnnotationConfigServletWebServerApplicationContext -----> Closing org.springframework.boot.web.servlet.context.AnnotationConfigServletWebServerApplicationContext@6da00fb9: startup date [Sat Oct 24 11:15:41 IST 2020]; parent: org.springframework.context.annotation.AnnotationConfigApplicationContext@140c9f39
2020-10-24 12:56:24 [RMI TCP Connection(171)-127.0.0.1] INFO  o.s.c.n.e.s.EurekaServiceRegistry -----> Unregistering application auth-service with eureka with status DOWN
2020-10-24 12:56:24 [RMI TCP Connection(171)-127.0.0.1] WARN  c.netflix.discovery.DiscoveryClient -----> Saw local status change event StatusChangeEvent [timestamp=1603524384867, current=DOWN, previous=UP]
2020-10-24 12:56:24 [DiscoveryClient-InstanceInfoReplicator-0] INFO  c.netflix.discovery.DiscoveryClient -----> DiscoveryClient_AUTH-SERVICE/RPC156.itp.objectfrontier.com:auth-service:8989: registering service...
2020-10-24 12:56:24 [DiscoveryClient-InstanceInfoReplicator-0] INFO  c.netflix.discovery.DiscoveryClient -----> DiscoveryClient_AUTH-SERVICE/RPC156.itp.objectfrontier.com:auth-service:8989 - registration status: 204
2020-10-24 12:56:24 [RMI TCP Connection(171)-127.0.0.1] INFO  o.s.c.s.DefaultLifecycleProcessor -----> Stopping beans in phase 0
2020-10-24 12:56:25 [RMI TCP Connection(171)-127.0.0.1] INFO  o.s.j.e.a.AnnotationMBeanExporter -----> Unregistering JMX-exposed beans on shutdown
2020-10-24 12:56:25 [RMI TCP Connection(171)-127.0.0.1] INFO  o.s.j.e.a.AnnotationMBeanExporter -----> Unregistering JMX-exposed beans
2020-10-24 12:56:25 [RMI TCP Connection(171)-127.0.0.1] INFO  o.s.o.j.LocalContainerEntityManagerFactoryBean -----> Closing JPA EntityManagerFactory for persistence unit 'default'
2020-10-24 12:56:25 [RMI TCP Connection(171)-127.0.0.1] INFO  c.netflix.discovery.DiscoveryClient -----> Shutting down DiscoveryClient ...
2020-10-24 12:56:25 [RMI TCP Connection(171)-127.0.0.1] WARN  o.s.c.a.CommonAnnotationBeanPostProcessor -----> Invocation of destroy method failed on bean with name 'scopedTarget.eurekaClient': org.springframework.beans.factory.BeanCreationNotAllowedException: Error creating bean with name 'eurekaInstanceConfigBean': Singleton bean creation not allowed while singletons of this factory are in destruction (Do not request a bean from a BeanFactory in a destroy method implementation!)
2020-10-24 12:56:25 [RMI TCP Connection(171)-127.0.0.1] INFO  com.zaxxer.hikari.HikariDataSource -----> HikariPool-1 - Shutdown initiated...
2020-10-24 12:56:26 [RMI TCP Connection(171)-127.0.0.1] INFO  com.zaxxer.hikari.HikariDataSource -----> HikariPool-1 - Shutdown completed.
2020-10-24 12:56:26 [RMI TCP Connection(171)-127.0.0.1] INFO  o.a.catalina.core.StandardService -----> Stopping service [Tomcat]
2020-10-24 12:56:26 [localhost-startStop-2] INFO  o.a.catalina.core.StandardWrapper -----> Waiting for [1] instance(s) to be deallocated for Servlet [dispatcherServlet]
2020-10-24 12:56:27 [localhost-startStop-2] INFO  o.a.catalina.core.StandardWrapper -----> Waiting for [1] instance(s) to be deallocated for Servlet [dispatcherServlet]
2020-10-24 12:56:28 [localhost-startStop-2] INFO  o.a.catalina.core.StandardWrapper -----> Waiting for [1] instance(s) to be deallocated for Servlet [dispatcherServlet]
2020-10-24 12:56:28 [localhost-startStop-2] INFO  o.a.c.c.C.[.[.[/auth-service] -----> Destroying Spring FrameworkServlet 'dispatcherServlet'
2020-10-24 12:56:28 [localhost-startStop-2] WARN  o.a.c.loader.WebappClassLoaderBase -----> The web application [auth-service] appears to have started a thread named [Thread-16] but has failed to stop it. This is very likely to create a memory leak. Stack trace of thread:
 java.lang.Object.wait(Native Method)
 com.mashape.unirest.http.utils.SyncIdleConnectionMonitorThread.run(SyncIdleConnectionMonitorThread.java:22)
